app/build/intermediates/manifest_merge_blame_file/debug/manifest-merger-blame-debug-report.txt
1<?xml version="1.0" encoding="utf-8"?>
2<manifest xmlns:android="http://schemas.android.com/apk/res/android"
3    package="com.example.fyp_staycation"
4    android:versionCode="1"
5    android:versionName="1.0" >
6
7    <uses-sdk
8        android:minSdkVersion="16"
8-->src\main\AndroidManifest.xml
9        android:targetSdkVersion="30" />
9-->src\main\AndroidManifest.xml
10
11    <!--
12         The ACCESS_COARSE/FINE_LOCATION permissions are not required to use
13         Google Maps Android API v2, but you must specify either coarse or fine
14         location permissions for the "MyLocation" functionality.
15    -->
16    <uses-permission android:name="android.permission.ACCESS_FINE_LOCATION" />
16-->src\main\AndroidManifest.xml:10:5-79
16-->src\main\AndroidManifest.xml:10:22-76
17    <uses-permission android:name="android.permission.ACCESS_COARSE_LOCATION" />
17-->src\main\AndroidManifest.xml:11:5-81
17-->src\main\AndroidManifest.xml:11:22-78
18    <uses-permission android:name="android.permission.INTERNET" />
18-->src\main\AndroidManifest.xml:12:5-67
18-->src\main\AndroidManifest.xml:12:22-64
19
20    <!-- Although the *SdkVersion is captured in gradle build files, this is required for non gradle builds -->
21    <!-- <uses-sdk android:minSdkVersion="14"/> -->
22    <uses-permission android:name="android.permission.ACCESS_NETWORK_STATE" />
22-->[com.google.firebase:firebase-database:19.7.0] AndroidManifest.xml:25:5-79
22-->[com.google.firebase:firebase-database:19.7.0] AndroidManifest.xml:25:22-76
23
24    <uses-feature
24-->[com.google.android.gms:play-services-maps:17.0.0] AndroidManifest.xml:26:5-28:35
25        android:glEsVersion="0x00020000"
25-->[com.google.android.gms:play-services-maps:17.0.0] AndroidManifest.xml:27:9-41
26        android:required="true" />
26-->[com.google.android.gms:play-services-maps:17.0.0] AndroidManifest.xml:28:9-32
27
28    <application
28-->src\main\AndroidManifest.xml:14:5-64:19
29        android:name="androidx.multidex.MultiDexApplication"
30        android:allowBackup="true"
30-->src\main\AndroidManifest.xml:15:9-35
31        android:appComponentFactory="androidx.core.app.CoreComponentFactory"
31-->[androidx.core:core:1.3.2] AndroidManifest.xml:24:18-86
32        android:debuggable="true"
33        android:icon="@mipmap/ic_launcher"
33-->src\main\AndroidManifest.xml:16:9-43
34        android:label="@string/app_name"
34-->src\main\AndroidManifest.xml:17:9-41
35        android:roundIcon="@mipmap/ic_launcher_round"
35-->src\main\AndroidManifest.xml:18:9-54
36        android:supportsRtl="true"
36-->src\main\AndroidManifest.xml:19:9-35
37        android:testOnly="true"
38        android:theme="@style/Theme.FYPStayCation" >
38-->src\main\AndroidManifest.xml:20:9-51
39
40        <!--
41             The API key for Google Maps-based APIs is defined as a string resource.
42             (See the file "res/values/google_maps_api.xml").
43             Note that the API key is linked to the encryption key used to sign the APK.
44             You need a different API key for each encryption key, including the release key that is used to
45             sign the APK for publishing.
46             You can define the keys for the debug and release targets in src/debug/ and src/release/.
47        -->
48        <meta-data
48-->src\main\AndroidManifest.xml:30:9-32:55
49            android:name="com.google.android.geo.API_KEY"
49-->src\main\AndroidManifest.xml:31:13-58
50            android:value="@string/google_maps_key" />
50-->src\main\AndroidManifest.xml:32:13-52
51
52        <activity android:name="com.example.fyp_staycation.FilterActivity" />
52-->src\main\AndroidManifest.xml:34:9-52
52-->src\main\AndroidManifest.xml:34:19-49
53        <activity android:name="com.example.fyp_staycation.ParticipantsActivity" />
53-->src\main\AndroidManifest.xml:35:9-58
53-->src\main\AndroidManifest.xml:35:19-55
54        <activity android:name="com.example.fyp_staycation.TripsActivity" />
54-->src\main\AndroidManifest.xml:36:9-51
54-->src\main\AndroidManifest.xml:36:19-48
55        <activity android:name="com.example.fyp_staycation.CreateTripActivity" />
55-->src\main\AndroidManifest.xml:37:9-56
55-->src\main\AndroidManifest.xml:37:19-53
56        <activity android:name="com.example.fyp_staycation.ChatActivity" />
56-->src\main\AndroidManifest.xml:38:9-50
56-->src\main\AndroidManifest.xml:38:19-47
57        <activity android:name="com.example.fyp_staycation.GroupChatActivity" />
57-->src\main\AndroidManifest.xml:39:9-55
57-->src\main\AndroidManifest.xml:39:19-52
58        <activity android:name="com.example.fyp_staycation.LocationDetailsActivity" />
58-->src\main\AndroidManifest.xml:40:9-61
58-->src\main\AndroidManifest.xml:40:19-58
59        <activity android:name="com.example.fyp_staycation.AdminPickActivity" />
59-->src\main\AndroidManifest.xml:41:9-55
59-->src\main\AndroidManifest.xml:41:19-52
60        <activity android:name="com.example.fyp_staycation.AdminActivity" />
60-->src\main\AndroidManifest.xml:42:9-51
60-->src\main\AndroidManifest.xml:42:19-48
61        <activity
61-->src\main\AndroidManifest.xml:43:9-45:70
62            android:name="com.example.fyp_staycation.AdminLogin"
62-->src\main\AndroidManifest.xml:44:13-39
63            android:theme="@style/Theme.FYPStayCation.NoActionBar" />
63-->src\main\AndroidManifest.xml:45:13-67
64        <activity android:name="com.example.fyp_staycation.HomeActivity" />
64-->src\main\AndroidManifest.xml:46:9-50
64-->src\main\AndroidManifest.xml:46:19-47
65        <activity
65-->src\main\AndroidManifest.xml:47:9-55:20
66            android:name="com.example.fyp_staycation.MainActivity"
66-->src\main\AndroidManifest.xml:48:13-41
67            android:theme="@style/Theme.FYPStayCation.NoActionBar" >
67-->src\main\AndroidManifest.xml:49:13-67
68            <intent-filter>
68-->src\main\AndroidManifest.xml:50:13-54:29
69                <action android:name="android.intent.action.MAIN" />
69-->src\main\AndroidManifest.xml:51:17-69
69-->src\main\AndroidManifest.xml:51:25-66
70
71                <category android:name="android.intent.category.LAUNCHER" />
71-->src\main\AndroidManifest.xml:53:17-77
71-->src\main\AndroidManifest.xml:53:27-74
72            </intent-filter>
73        </activity>
74        <activity
74-->src\main\AndroidManifest.xml:56:9-58:70
75            android:name="com.example.fyp_staycation.RegisterUser"
75-->src\main\AndroidManifest.xml:57:13-41
76            android:theme="@style/Theme.FYPStayCation.NoActionBar" />
76-->src\main\AndroidManifest.xml:58:13-67
77        <activity android:name="com.example.fyp_staycation.ProfileActivity" />
77-->src\main\AndroidManifest.xml:59:9-53
77-->src\main\AndroidManifest.xml:59:19-50
78
79        <meta-data
79-->src\main\AndroidManifest.xml:61:9-63:71
80            android:name="com.google.android.geo.API_key"
80-->src\main\AndroidManifest.xml:62:13-58
81            android:value="AIzaSyAqi567Bzv4jmcMFo2q_Y3Wl_W_UkNxXRE" />
81-->src\main\AndroidManifest.xml:63:13-68
82
83        <service
83-->[com.google.firebase:firebase-database:19.7.0] AndroidManifest.xml:29:9-35:19
84            android:name="com.google.firebase.components.ComponentDiscoveryService"
84-->[com.google.firebase:firebase-database:19.7.0] AndroidManifest.xml:30:13-84
85            android:directBootAware="true"
85-->[com.google.firebase:firebase-common:19.5.0] AndroidManifest.xml:35:13-43
86            android:exported="false" >
86-->[com.google.firebase:firebase-database:19.7.0] AndroidManifest.xml:31:13-37
87            <meta-data
87-->[com.google.firebase:firebase-database:19.7.0] AndroidManifest.xml:32:13-34:85
88                android:name="com.google.firebase.components:com.google.firebase.database.DatabaseRegistrar"
88-->[com.google.firebase:firebase-database:19.7.0] AndroidManifest.xml:33:17-109
89                android:value="com.google.firebase.components.ComponentRegistrar" />
89-->[com.google.firebase:firebase-database:19.7.0] AndroidManifest.xml:34:17-82
90            <meta-data
90-->[com.google.firebase:firebase-auth:20.0.4] AndroidManifest.xml:77:13-79:85
91                android:name="com.google.firebase.components:com.google.firebase.auth.FirebaseAuthRegistrar"
91-->[com.google.firebase:firebase-auth:20.0.4] AndroidManifest.xml:78:17-109
92                android:value="com.google.firebase.components.ComponentRegistrar" />
92-->[com.google.firebase:firebase-auth:20.0.4] AndroidManifest.xml:79:17-82
93            <meta-data
93-->[com.google.firebase:firebase-storage:19.2.2] AndroidManifest.xml:33:13-35:85
94                android:name="com.google.firebase.components:com.google.firebase.storage.StorageRegistrar"
94-->[com.google.firebase:firebase-storage:19.2.2] AndroidManifest.xml:34:17-107
95                android:value="com.google.firebase.components.ComponentRegistrar" />
95-->[com.google.firebase:firebase-storage:19.2.2] AndroidManifest.xml:35:17-82
96            <!--
97                This registrar is not defined in the dynamic-module-support sdk itself to allow non-firebase
98                clients to use it as well, by defining this registrar in their own core/common library.
99            -->
100            <meta-data
100-->[com.google.firebase:firebase-common:19.5.0] AndroidManifest.xml:43:13-45:85
101                android:name="com.google.firebase.components:com.google.firebase.dynamicloading.DynamicLoadingRegistrar"
101-->[com.google.firebase:firebase-common:19.5.0] AndroidManifest.xml:44:17-121
102                android:value="com.google.firebase.components.ComponentRegistrar" />
102-->[com.google.firebase:firebase-common:19.5.0] AndroidManifest.xml:45:17-82
103        </service>
104
105        <activity
105-->[com.google.firebase:firebase-auth:20.0.4] AndroidManifest.xml:27:9-44:20
106            android:name="com.google.firebase.auth.internal.GenericIdpActivity"
106-->[com.google.firebase:firebase-auth:20.0.4] AndroidManifest.xml:28:13-80
107            android:excludeFromRecents="true"
107-->[com.google.firebase:firebase-auth:20.0.4] AndroidManifest.xml:29:13-46
108            android:exported="true"
108-->[com.google.firebase:firebase-auth:20.0.4] AndroidManifest.xml:30:13-36
109            android:launchMode="singleTask"
109-->[com.google.firebase:firebase-auth:20.0.4] AndroidManifest.xml:31:13-44
110            android:theme="@android:style/Theme.Translucent.NoTitleBar" >
110-->[com.google.firebase:firebase-auth:20.0.4] AndroidManifest.xml:32:13-72
111            <intent-filter>
111-->[com.google.firebase:firebase-auth:20.0.4] AndroidManifest.xml:33:13-43:29
112                <action android:name="android.intent.action.VIEW" />
112-->[com.google.firebase:firebase-auth:20.0.4] AndroidManifest.xml:34:17-69
112-->[com.google.firebase:firebase-auth:20.0.4] AndroidManifest.xml:34:25-66
113
114                <category android:name="android.intent.category.DEFAULT" />
114-->[com.google.firebase:firebase-auth:20.0.4] AndroidManifest.xml:36:17-76
114-->[com.google.firebase:firebase-auth:20.0.4] AndroidManifest.xml:36:27-73
115                <category android:name="android.intent.category.BROWSABLE" />
115-->[com.google.firebase:firebase-auth:20.0.4] AndroidManifest.xml:37:17-78
115-->[com.google.firebase:firebase-auth:20.0.4] AndroidManifest.xml:37:27-75
116
117                <data
117-->[com.google.firebase:firebase-auth:20.0.4] AndroidManifest.xml:39:17-42:51
118                    android:host="firebase.auth"
118-->[com.google.firebase:firebase-auth:20.0.4] AndroidManifest.xml:40:21-49
119                    android:path="/"
119-->[com.google.firebase:firebase-auth:20.0.4] AndroidManifest.xml:41:21-37
120                    android:scheme="genericidp" />
120-->[com.google.firebase:firebase-auth:20.0.4] AndroidManifest.xml:42:21-48
121            </intent-filter>
122        </activity>
123        <activity
123-->[com.google.firebase:firebase-auth:20.0.4] AndroidManifest.xml:45:9-62:20
124            android:name="com.google.firebase.auth.internal.RecaptchaActivity"
124-->[com.google.firebase:firebase-auth:20.0.4] AndroidManifest.xml:46:13-79
125            android:excludeFromRecents="true"
125-->[com.google.firebase:firebase-auth:20.0.4] AndroidManifest.xml:47:13-46
126            android:exported="true"
126-->[com.google.firebase:firebase-auth:20.0.4] AndroidManifest.xml:48:13-36
127            android:launchMode="singleTask"
127-->[com.google.firebase:firebase-auth:20.0.4] AndroidManifest.xml:49:13-44
128            android:theme="@android:style/Theme.Translucent.NoTitleBar" >
128-->[com.google.firebase:firebase-auth:20.0.4] AndroidManifest.xml:50:13-72
129            <intent-filter>
129-->[com.google.firebase:firebase-auth:20.0.4] AndroidManifest.xml:51:13-61:29
130                <action android:name="android.intent.action.VIEW" />
130-->[com.google.firebase:firebase-auth:20.0.4] AndroidManifest.xml:34:17-69
130-->[com.google.firebase:firebase-auth:20.0.4] AndroidManifest.xml:34:25-66
131
132                <category android:name="android.intent.category.DEFAULT" />
132-->[com.google.firebase:firebase-auth:20.0.4] AndroidManifest.xml:36:17-76
132-->[com.google.firebase:firebase-auth:20.0.4] AndroidManifest.xml:36:27-73
133                <category android:name="android.intent.category.BROWSABLE" />
133-->[com.google.firebase:firebase-auth:20.0.4] AndroidManifest.xml:37:17-78
133-->[com.google.firebase:firebase-auth:20.0.4] AndroidManifest.xml:37:27-75
134
135                <data
135-->[com.google.firebase:firebase-auth:20.0.4] AndroidManifest.xml:39:17-42:51
136                    android:host="firebase.auth"
136-->[com.google.firebase:firebase-auth:20.0.4] AndroidManifest.xml:40:21-49
137                    android:path="/"
137-->[com.google.firebase:firebase-auth:20.0.4] AndroidManifest.xml:41:21-37
138                    android:scheme="recaptcha" />
138-->[com.google.firebase:firebase-auth:20.0.4] AndroidManifest.xml:42:21-48
139            </intent-filter>
140        </activity>
141
142        <service
142-->[com.google.firebase:firebase-auth:20.0.4] AndroidManifest.xml:64:9-73:19
143            android:name="com.google.firebase.auth.api.fallback.service.FirebaseAuthFallbackService"
143-->[com.google.firebase:firebase-auth:20.0.4] AndroidManifest.xml:65:13-101
144            android:enabled="true"
144-->[com.google.firebase:firebase-auth:20.0.4] AndroidManifest.xml:66:13-35
145            android:exported="false" >
145-->[com.google.firebase:firebase-auth:20.0.4] AndroidManifest.xml:67:13-37
146            <intent-filter>
146-->[com.google.firebase:firebase-auth:20.0.4] AndroidManifest.xml:68:13-72:29
147                <action android:name="com.google.firebase.auth.api.gms.service.START" />
147-->[com.google.firebase:firebase-auth:20.0.4] AndroidManifest.xml:69:17-89
147-->[com.google.firebase:firebase-auth:20.0.4] AndroidManifest.xml:69:25-86
148
149                <category android:name="android.intent.category.DEFAULT" />
149-->[com.google.firebase:firebase-auth:20.0.4] AndroidManifest.xml:36:17-76
149-->[com.google.firebase:firebase-auth:20.0.4] AndroidManifest.xml:36:27-73
150            </intent-filter>
151        </service>
152
153        <provider
153-->[com.squareup.picasso:picasso:2.71828] AndroidManifest.xml:8:9-11:40
154            android:name="com.squareup.picasso.PicassoProvider"
154-->[com.squareup.picasso:picasso:2.71828] AndroidManifest.xml:9:13-64
155            android:authorities="com.example.fyp_staycation.com.squareup.picasso"
155-->[com.squareup.picasso:picasso:2.71828] AndroidManifest.xml:10:13-72
156            android:exported="false" /> <!-- Needs to be explicitly declared on P+ -->
156-->[com.squareup.picasso:picasso:2.71828] AndroidManifest.xml:11:13-37
157        <uses-library
157-->[com.google.android.gms:play-services-maps:17.0.0] AndroidManifest.xml:33:9-35:40
158            android:name="org.apache.http.legacy"
158-->[com.google.android.gms:play-services-maps:17.0.0] AndroidManifest.xml:34:13-50
159            android:required="false" />
159-->[com.google.android.gms:play-services-maps:17.0.0] AndroidManifest.xml:35:13-37
160
161        <provider
161-->[com.google.firebase:firebase-common:19.5.0] AndroidManifest.xml:26:9-31:39
162            android:name="com.google.firebase.provider.FirebaseInitProvider"
162-->[com.google.firebase:firebase-common:19.5.0] AndroidManifest.xml:27:13-77
163            android:authorities="com.example.fyp_staycation.firebaseinitprovider"
163-->[com.google.firebase:firebase-common:19.5.0] AndroidManifest.xml:28:13-72
164            android:directBootAware="true"
164-->[com.google.firebase:firebase-common:19.5.0] AndroidManifest.xml:29:13-43
165            android:exported="false"
165-->[com.google.firebase:firebase-common:19.5.0] AndroidManifest.xml:30:13-37
166            android:initOrder="100" />
166-->[com.google.firebase:firebase-common:19.5.0] AndroidManifest.xml:31:13-36
167
168        <activity
168-->[com.google.android.gms:play-services-base:17.5.0] AndroidManifest.xml:23:9-26:75
169            android:name="com.google.android.gms.common.api.GoogleApiActivity"
169-->[com.google.android.gms:play-services-base:17.5.0] AndroidManifest.xml:24:13-79
170            android:exported="false"
170-->[com.google.android.gms:play-services-base:17.5.0] AndroidManifest.xml:25:13-37
171            android:theme="@android:style/Theme.Translucent.NoTitleBar" />
171-->[com.google.android.gms:play-services-base:17.5.0] AndroidManifest.xml:26:13-72
172
173        <meta-data
173-->[com.google.android.gms:play-services-basement:17.5.0] AndroidManifest.xml:23:9-25:69
174            android:name="com.google.android.gms.version"
174-->[com.google.android.gms:play-services-basement:17.5.0] AndroidManifest.xml:24:13-58
175            android:value="@integer/google_play_services_version" />
175-->[com.google.android.gms:play-services-basement:17.5.0] AndroidManifest.xml:25:13-66
176    </application>
177
178</manifest>